#
# There is insufficient memory for the Java Runtime Environment to continue.
# Native memory allocation (malloc) failed to allocate 481936 bytes for Chunk::new
# Possible reasons:
#   The system is out of physical RAM or swap space
#   The process is running with CompressedOops enabled, and the Java Heap may be blocking the growth of the native heap
# Possible solutions:
#   Reduce memory load on the system
#   Increase physical memory or swap space
#   Check if swap backing store is full
#   Decrease Java heap size (-Xmx/-Xms)
#   Decrease number of Java threads
#   Decrease Java thread stack sizes (-Xss)
#   Set larger code cache with -XX:ReservedCodeCacheSize=
#   JVM is running with Unscaled Compressed Oops mode in which the Java heap is
#     placed in the first 4GB address space. The Java Heap base address is the
#     maximum limit for the native heap growth. Please use -XX:HeapBaseMinAddress
#     to set the Java Heap base and to place the Java Heap above 4GB virtual address.
# This output file may be truncated or incomplete.
#
#  Out of Memory Error (arena.cpp:184), pid=10880, tid=7132
#
# JRE version: OpenJDK Runtime Environment (19.0+36) (build 19+36-2238)
# Java VM: OpenJDK 64-Bit Server VM (19+36-2238, mixed mode, sharing, tiered, compressed oops, compressed class ptrs, g1 gc, windows-amd64)
# No core dump will be written. Minidumps are not enabled by default on client versions of Windows
#

---------------  S U M M A R Y ------------

Command Line: -javaagent:C:\Program Files\JetBrains\IntelliJ IDEA Community Edition 2022.2\lib\idea_rt.jar=50068:C:\Program Files\JetBrains\IntelliJ IDEA Community Edition 2022.2\bin -Dfile.encoding=UTF-8 com.SpringDataJdbc.JdbcImplement.JdbcImplementApplication

Host: AMD FX(tm)-6300 Six-Core Processor             , 6 cores, 7G,  Windows 7 , 64 bit Build 7601 (6.1.7601.18869)
Time: Fri May 19 12:26:54 2023 India Standard Time elapsed time: 5.004648 seconds (0d 0h 0m 5s)

---------------  T H R E A D  ---------------

Current thread (0x0000000021765230):  JavaThread "C2 CompilerThread0" daemon [_thread_in_native, id=7132, stack(0x0000000021280000,0x0000000021380000)]


Current CompileTask:
C2:   5004 2065       4       java.util.HashSet::add (20 bytes)

Stack: [0x0000000021280000,0x0000000021380000]
Native frames: (J=compiled Java code, j=interpreted, Vv=VM code, C=native code)
V  [jvm.dll+0x6ee8fa]
V  [jvm.dll+0x857a1e]
V  [jvm.dll+0x85940e]
V  [jvm.dll+0x859ac3]
V  [jvm.dll+0x28291f]
V  [jvm.dll+0xc9b5f]
V  [jvm.dll+0xc9ee5]
V  [jvm.dll+0x3bcb72]
V  [jvm.dll+0x386201]
V  [jvm.dll+0x38567a]
V  [jvm.dll+0x24c2c9]
V  [jvm.dll+0x24b671]
V  [jvm.dll+0x1d6d61]
V  [jvm.dll+0x25b0fa]
V  [jvm.dll+0x259588]
V  [jvm.dll+0x807928]
V  [jvm.dll+0x8015fa]
V  [jvm.dll+0x6ed5eb]
C  [ucrtbase.DLL+0x214c2]
C  [kernel32.dll+0x159cd]
C  [ntdll.dll+0x2b981]


---------------  P R O C E S S  ---------------

Threads class SMR info:
_java_thread_list=0x0000000027f0bba0, length=13, elements={
0x000000000027b840, 0x000000001e6e1660, 0x000000001e6e2280, 0x000000001e6e3b90,
0x000000001e6e40e0, 0x000000001e6e4630, 0x000000001e6e4b80, 0x0000000021765230,
0x00000000217a5ba0, 0x000000001e6e50d0, 0x000000001e6e5620, 0x000000001e6e5b70,
0x000000001e6e60c0
}

Java Threads: ( => current thread )
  0x000000000027b840 JavaThread "main" [_thread_in_Java, id=11196, stack(0x0000000001fe0000,0x00000000020e0000)]
  0x000000001e6e1660 JavaThread "Reference Handler" daemon [_thread_blocked, id=10628, stack(0x0000000021860000,0x0000000021960000)]
  0x000000001e6e2280 JavaThread "Finalizer" daemon [_thread_blocked, id=8516, stack(0x0000000025ca0000,0x0000000025da0000)]
  0x000000001e6e3b90 JavaThread "Signal Dispatcher" daemon [_thread_blocked, id=9576, stack(0x0000000025dc0000,0x0000000025ec0000)]
  0x000000001e6e40e0 JavaThread "Attach Listener" daemon [_thread_blocked, id=6984, stack(0x0000000021af0000,0x0000000021bf0000)]
  0x000000001e6e4630 JavaThread "Service Thread" daemon [_thread_blocked, id=10084, stack(0x0000000025f80000,0x0000000026080000)]
  0x000000001e6e4b80 JavaThread "Monitor Deflation Thread" daemon [_thread_blocked, id=10824, stack(0x0000000026150000,0x0000000026250000)]
=>0x0000000021765230 JavaThread "C2 CompilerThread0" daemon [_thread_in_native, id=7132, stack(0x0000000021280000,0x0000000021380000)]
  0x00000000217a5ba0 JavaThread "C1 CompilerThread0" daemon [_thread_blocked, id=10440, stack(0x0000000026370000,0x0000000026470000)]
  0x000000001e6e50d0 JavaThread "Sweeper thread" daemon [_thread_blocked, id=5504, stack(0x0000000026570000,0x0000000026670000)]
  0x000000001e6e5620 JavaThread "Common-Cleaner" daemon [_thread_blocked, id=9084, stack(0x0000000026bb0000,0x0000000026cb0000)]
  0x000000001e6e5b70 JavaThread "Monitor Ctrl-Break" daemon [_thread_in_native, id=10660, stack(0x0000000026f30000,0x0000000027030000)]
  0x000000001e6e60c0 JavaThread "Notification Thread" daemon [_thread_blocked, id=6552, stack(0x0000000026250000,0x0000000026350000)]

Other Threads:
  0x000000001e6d3200 VMThread "VM Thread" [stack: 0x00000000219c0000,0x0000000021ac0000] [id=9888]
  0x0000000026a11680 WatcherThread "VM Periodic Task Thread" [stack: 0x0000000027090000,0x0000000027190000] [id=5192]
  0x00000000002bdca0 WorkerThread "GC Thread#0" [stack: 0x000000001e7f0000,0x000000001e8f0000] [id=5524]
  0x000000002798fb10 WorkerThread "GC Thread#1" [stack: 0x0000000026e20000,0x0000000026f20000] [id=8924]
  0x00000000279804f0 WorkerThread "GC Thread#2" [stack: 0x0000000028af0000,0x0000000028bf0000] [id=11212]
  0x0000000027980fc0 WorkerThread "GC Thread#3" [stack: 0x0000000028d10000,0x0000000028e10000] [id=11116]
  0x0000000027981290 WorkerThread "GC Thread#4" [stack: 0x0000000026470000,0x0000000026570000] [id=5144]
  0x0000000027ac0500 WorkerThread "GC Thread#5" [stack: 0x0000000028ea0000,0x0000000028fa0000] [id=9900]
  0x00000000002cf390 ConcurrentGCThread "G1 Main Marker" [stack: 0x000000001e9d0000,0x000000001ead0000] [id=7516]
  0x000000001e613ae0 WorkerThread "G1 Conc#0" [stack: 0x000000001ec00000,0x000000001ed00000] [id=7624]
  0x000000001e6a0760 ConcurrentGCThread "G1 Refine#0" [stack: 0x00000000213a0000,0x00000000214a0000] [id=7788]
  0x000000001e6a10b0 ConcurrentGCThread "G1 Service" [stack: 0x0000000021540000,0x0000000021640000] [id=10464]

Threads with active compile tasks:
C2 CompilerThread0     5045 2065       4       java.util.HashSet::add (20 bytes)
C1 CompilerThread0     5045 2089       3       jdk.internal.org.objectweb.asm.SymbolTable::addConstantUtf8 (98 bytes)

VM state: not at safepoint (normal execution)

VM Mutex/Monitor currently owned by a thread: None

Heap address: 0x0000000088000000, size: 1920 MB, Compressed Oops mode: 32-bit

CDS archive(s) mapped at: [0x0000000800000000-0x0000000800c40000-0x0000000800c40000), size 12845056, SharedBaseAddress: 0x0000000800000000, ArchiveRelocationMode: 0.
Compressed class space mapped at: 0x0000000801000000-0x0000000841000000, reserved size: 1073741824
Narrow klass base: 0x0000000800000000, Narrow klass shift: 0, Narrow klass range: 0x100000000

GC Precious Log:
 CardTable entry size: 512
 Card Set container configuration: InlinePtr #cards 5 size 8 Array Of Cards #cards 12 size 40 Howl #buckets 4 coarsen threshold 1843 Howl Bitmap #cards 512 size 80 coarsen threshold 460 Card regions per heap region 1 cards per card region 2048
 CPUs: 6 total, 6 available
 Memory: 7677M
 Large Page Support: Disabled
 NUMA Support: Disabled
 Compressed Oops: Enabled (32-bit)
 Heap Region Size: 1M
 Heap Min Capacity: 8M
 Heap Initial Capacity: 120M
 Heap Max Capacity: 1920M
 Pre-touch: Disabled
 Parallel Workers: 6
 Concurrent Workers: 2
 Concurrent Refinement Workers: 6
 Periodic GC: Disabled

Heap:
 garbage-first heap   total 122880K, used 18210K [0x0000000088000000, 0x0000000100000000)
  region size 1024K, 15 young (15360K), 3 survivors (3072K)
 Metaspace       used 15960K, committed 16192K, reserved 1114112K
  class space    used 1879K, committed 1984K, reserved 1048576K

Heap Regions: E=young(eden), S=young(survivor), O=old, HS=humongous(starts), HC=humongous(continues), CS=collection set, F=free, OA=open archive, CA=closed archive, TAMS=top-at-mark-start (previous, next)
|   0|0x0000000088000000, 0x0000000088100000, 0x0000000088100000|100%| O|  |TAMS 0x0000000088000000, 0x0000000088000000| Untracked 
|   1|0x0000000088100000, 0x0000000088200000, 0x0000000088200000|100%| O|  |TAMS 0x0000000088100000, 0x0000000088100000| Untracked 
|   2|0x0000000088200000, 0x0000000088300000, 0x0000000088300000|100%| O|  |TAMS 0x0000000088200000, 0x0000000088200000| Untracked 
|   3|0x0000000088300000, 0x0000000088400000, 0x0000000088400000|100%| O|  |TAMS 0x0000000088300000, 0x0000000088300000| Untracked 
|   4|0x0000000088400000, 0x00000000884b0200, 0x0000000088500000| 68%| O|  |TAMS 0x0000000088400000, 0x0000000088400000| Untracked 
|   5|0x0000000088500000, 0x0000000088500000, 0x0000000088600000|  0%| F|  |TAMS 0x0000000088500000, 0x0000000088500000| Untracked 
|   6|0x0000000088600000, 0x0000000088600000, 0x0000000088700000|  0%| F|  |TAMS 0x0000000088600000, 0x0000000088600000| Untracked 
|   7|0x0000000088700000, 0x0000000088700000, 0x0000000088800000|  0%| F|  |TAMS 0x0000000088700000, 0x0000000088700000| Untracked 
|   8|0x0000000088800000, 0x0000000088800000, 0x0000000088900000|  0%| F|  |TAMS 0x0000000088800000, 0x0000000088800000| Untracked 
|   9|0x0000000088900000, 0x0000000088900000, 0x0000000088a00000|  0%| F|  |TAMS 0x0000000088900000, 0x0000000088900000| Untracked 
|  10|0x0000000088a00000, 0x0000000088a00000, 0x0000000088b00000|  0%| F|  |TAMS 0x0000000088a00000, 0x0000000088a00000| Untracked 
|  11|0x0000000088b00000, 0x0000000088b00000, 0x0000000088c00000|  0%| F|  |TAMS 0x0000000088b00000, 0x0000000088b00000| Untracked 
|  12|0x0000000088c00000, 0x0000000088c00000, 0x0000000088d00000|  0%| F|  |TAMS 0x0000000088c00000, 0x0000000088c00000| Untracked 
|  13|0x0000000088d00000, 0x0000000088d00000, 0x0000000088e00000|  0%| F|  |TAMS 0x0000000088d00000, 0x0000000088d00000| Untracked 
|  14|0x0000000088e00000, 0x0000000088e00000, 0x0000000088f00000|  0%| F|  |TAMS 0x0000000088e00000, 0x0000000088e00000| Untracked 
|  15|0x0000000088f00000, 0x0000000088f00000, 0x0000000089000000|  0%| F|  |TAMS 0x0000000088f00000, 0x0000000088f00000| Untracked 
|  16|0x0000000089000000, 0x0000000089000000, 0x0000000089100000|  0%| F|  |TAMS 0x0000000089000000, 0x0000000089000000| Untracked 
|  17|0x0000000089100000, 0x0000000089100000, 0x0000000089200000|  0%| F|  |TAMS 0x0000000089100000, 0x0000000089100000| Untracked 
|  18|0x0000000089200000, 0x0000000089200000, 0x0000000089300000|  0%| F|  |TAMS 0x0000000089200000, 0x0000000089200000| Untracked 
|  19|0x0000000089300000, 0x0000000089300000, 0x0000000089400000|  0%| F|  |TAMS 0x0000000089300000, 0x0000000089300000| Untracked 
|  20|0x0000000089400000, 0x0000000089400000, 0x0000000089500000|  0%| F|  |TAMS 0x0000000089400000, 0x0000000089400000| Untracked 
|  21|0x0000000089500000, 0x0000000089500000, 0x0000000089600000|  0%| F|  |TAMS 0x0000000089500000, 0x0000000089500000| Untracked 
|  22|0x0000000089600000, 0x0000000089600000, 0x0000000089700000|  0%| F|  |TAMS 0x0000000089600000, 0x0000000089600000| Untracked 
|  23|0x0000000089700000, 0x0000000089700000, 0x0000000089800000|  0%| F|  |TAMS 0x0000000089700000, 0x0000000089700000| Untracked 
|  24|0x0000000089800000, 0x0000000089800000, 0x0000000089900000|  0%| F|  |TAMS 0x0000000089800000, 0x0000000089800000| Untracked 
|  25|0x0000000089900000, 0x0000000089900000, 0x0000000089a00000|  0%| F|  |TAMS 0x0000000089900000, 0x0000000089900000| Untracked 
|  26|0x0000000089a00000, 0x0000000089a00000, 0x0000000089b00000|  0%| F|  |TAMS 0x0000000089a00000, 0x0000000089a00000| Untracked 
|  27|0x0000000089b00000, 0x0000000089b00000, 0x0000000089c00000|  0%| F|  |TAMS 0x0000000089b00000, 0x0000000089b00000| Untracked 
|  28|0x0000000089c00000, 0x0000000089c00000, 0x0000000089d00000|  0%| F|  |TAMS 0x0000000089c00000, 0x0000000089c00000| Untracked 
|  29|0x0000000089d00000, 0x0000000089d00000, 0x0000000089e00000|  0%| F|  |TAMS 0x0000000089d00000, 0x0000000089d00000| Untracked 
|  30|0x0000000089e00000, 0x0000000089e00000, 0x0000000089f00000|  0%| F|  |TAMS 0x0000000089e00000, 0x0000000089e00000| Untracked 
|  31|0x0000000089f00000, 0x0000000089f00000, 0x000000008a000000|  0%| F|  |TAMS 0x0000000089f00000, 0x0000000089f00000| Untracked 
|  32|0x000000008a000000, 0x000000008a000000, 0x000000008a100000|  0%| F|  |TAMS 0x000000008a000000, 0x000000008a000000| Untracked 
|  33|0x000000008a100000, 0x000000008a100000, 0x000000008a200000|  0%| F|  |TAMS 0x000000008a100000, 0x000000008a100000| Untracked 
|  34|0x000000008a200000, 0x000000008a200000, 0x000000008a300000|  0%| F|  |TAMS 0x000000008a200000, 0x000000008a200000| Untracked 
|  35|0x000000008a300000, 0x000000008a300000, 0x000000008a400000|  0%| F|  |TAMS 0x000000008a300000, 0x000000008a300000| Untracked 
|  36|0x000000008a400000, 0x000000008a400000, 0x000000008a500000|  0%| F|  |TAMS 0x000000008a400000, 0x000000008a400000| Untracked 
|  37|0x000000008a500000, 0x000000008a500000, 0x000000008a600000|  0%| F|  |TAMS 0x000000008a500000, 0x000000008a500000| Untracked 
|  38|0x000000008a600000, 0x000000008a600000, 0x000000008a700000|  0%| F|  |TAMS 0x000000008a600000, 0x000000008a600000| Untracked 
|  39|0x000000008a700000, 0x000000008a700000, 0x000000008a800000|  0%| F|  |TAMS 0x000000008a700000, 0x000000008a700000| Untracked 
|  40|0x000000008a800000, 0x000000008a800000, 0x000000008a900000|  0%| F|  |TAMS 0x000000008a800000, 0x000000008a800000| Untracked 
|  41|0x000000008a900000, 0x000000008a900000, 0x000000008aa00000|  0%| F|  |TAMS 0x000000008a900000, 0x000000008a900000| Untracked 
|  42|0x000000008aa00000, 0x000000008aa00000, 0x000000008ab00000|  0%| F|  |TAMS 0x000000008aa00000, 0x000000008aa00000| Untracked 
|  43|0x000000008ab00000, 0x000000008ab00000, 0x000000008ac00000|  0%| F|  |TAMS 0x000000008ab00000, 0x000000008ab00000| Untracked 
|  44|0x000000008ac00000, 0x000000008ac00000, 0x000000008ad00000|  0%| F|  |TAMS 0x000000008ac00000, 0x000000008ac00000| Untracked 
|  45|0x000000008ad00000, 0x000000008ad00000, 0x000000008ae00000|  0%| F|  |TAMS 0x000000008ad00000, 0x000000008ad00000| Untracked 
|  46|0x000000008ae00000, 0x000000008ae00000, 0x000000008af00000|  0%| F|  |TAMS 0x000000008ae00000, 0x000000008ae00000| Untracked 
|  47|0x000000008af00000, 0x000000008af00000, 0x000000008b000000|  0%| F|  |TAMS 0x000000008af00000, 0x000000008af00000| Untracked 
|  48|0x000000008b000000, 0x000000008b000000, 0x000000008b100000|  0%| F|  |TAMS 0x000000008b000000, 0x000000008b000000| Untracked 
|  49|0x000000008b100000, 0x000000008b100000, 0x000000008b200000|  0%| F|  |TAMS 0x000000008b100000, 0x000000008b100000| Untracked 
|  50|0x000000008b200000, 0x000000008b200000, 0x000000008b300000|  0%| F|  |TAMS 0x000000008b200000, 0x000000008b200000| Untracked 
|  51|0x000000008b300000, 0x000000008b300000, 0x000000008b400000|  0%| F|  |TAMS 0x000000008b300000, 0x000000008b300000| Untracked 
|  52|0x000000008b400000, 0x000000008b400000, 0x000000008b500000|  0%| F|  |TAMS 0x000000008b400000, 0x000000008b400000| Untracked 
|  53|0x000000008b500000, 0x000000008b500000, 0x000000008b600000|  0%| F|  |TAMS 0x000000008b500000, 0x000000008b500000| Untracked 
|  54|0x000000008b600000, 0x000000008b600000, 0x000000008b700000|  0%| F|  |TAMS 0x000000008b600000, 0x000000008b600000| Untracked 
|  55|0x000000008b700000, 0x000000008b700000, 0x000000008b800000|  0%| F|  |TAMS 0x000000008b700000, 0x000000008b700000| Untracked 
|  56|0x000000008b800000, 0x000000008b800000, 0x000000008b900000|  0%| F|  |TAMS 0x000000008b800000, 0x000000008b800000| Untracked 
|  57|0x000000008b900000, 0x000000008b900000, 0x000000008ba00000|  0%| F|  |TAMS 0x000000008b900000, 0x000000008b900000| Untracked 
|  58|0x000000008ba00000, 0x000000008ba00000, 0x000000008bb00000|  0%| F|  |TAMS 0x000000008ba00000, 0x000000008ba00000| Untracked 
|  59|0x000000008bb00000, 0x000000008bb00000, 0x000000008bc00000|  0%| F|  |TAMS 0x000000008bb00000, 0x000000008bb00000| Untracked 
|  60|0x000000008bc00000, 0x000000008bc00000, 0x000000008bd00000|  0%| F|  |TAMS 0x000000008bc00000, 0x000000008bc00000| Untracked 
|  61|0x000000008bd00000, 0x000000008bd00000, 0x000000008be00000|  0%| F|  |TAMS 0x000000008bd00000, 0x000000008bd00000| Untracked 
|  62|0x000000008be00000, 0x000000008be00000, 0x000000008bf00000|  0%| F|  |TAMS 0x000000008be00000, 0x000000008be00000| Untracked 
|  63|0x000000008bf00000, 0x000000008bf00000, 0x000000008c000000|  0%| F|  |TAMS 0x000000008bf00000, 0x000000008bf00000| Untracked 
|  64|0x000000008c000000, 0x000000008c000000, 0x000000008c100000|  0%| F|  |TAMS 0x000000008c000000, 0x000000008c000000| Untracked 
|  65|0x000000008c100000, 0x000000008c100000, 0x000000008c200000|  0%| F|  |TAMS 0x000000008c100000, 0x000000008c100000| Untracked 
|  66|0x000000008c200000, 0x000000008c200000, 0x000000008c300000|  0%| F|  |TAMS 0x000000008c200000, 0x000000008c200000| Untracked 
|  67|0x000000008c300000, 0x000000008c300000, 0x000000008c400000|  0%| F|  |TAMS 0x000000008c300000, 0x000000008c300000| Untracked 
|  68|0x000000008c400000, 0x000000008c400000, 0x000000008c500000|  0%| F|  |TAMS 0x000000008c400000, 0x000000008c400000| Untracked 
|  69|0x000000008c500000, 0x000000008c500000, 0x000000008c600000|  0%| F|  |TAMS 0x000000008c500000, 0x000000008c500000| Untracked 
|  70|0x000000008c600000, 0x000000008c600000, 0x000000008c700000|  0%| F|  |TAMS 0x000000008c600000, 0x000000008c600000| Untracked 
|  71|0x000000008c700000, 0x000000008c700000, 0x000000008c800000|  0%| F|  |TAMS 0x000000008c700000, 0x000000008c700000| Untracked 
|  72|0x000000008c800000, 0x000000008c800000, 0x000000008c900000|  0%| F|  |TAMS 0x000000008c800000, 0x000000008c800000| Untracked 
|  73|0x000000008c900000, 0x000000008c900000, 0x000000008ca00000|  0%| F|  |TAMS 0x000000008c900000, 0x000000008c900000| Untracked 
|  74|0x000000008ca00000, 0x000000008ca00000, 0x000000008cb00000|  0%| F|  |TAMS 0x000000008ca00000, 0x000000008ca00000| Untracked 
|  75|0x000000008cb00000, 0x000000008cb00000, 0x000000008cc00000|  0%| F|  |TAMS 0x000000008cb00000, 0x000000008cb00000| Untracked 
|  76|0x000000008cc00000, 0x000000008cc00000, 0x000000008cd00000|  0%| F|  |TAMS 0x000000008cc00000, 0x000000008cc00000| Untracked 
|  77|0x000000008cd00000, 0x000000008cd00000, 0x000000008ce00000|  0%| F|  |TAMS 0x000000008cd00000, 0x000000008cd00000| Untracked 
|  78|0x000000008ce00000, 0x000000008ce00000, 0x000000008cf00000|  0%| F|  |TAMS 0x000000008ce00000, 0x000000008ce00000| Untracked 
|  79|0x000000008cf00000, 0x000000008cf00000, 0x000000008d000000|  0%| F|  |TAMS 0x000000008cf00000, 0x000000008cf00000| Untracked 
|  80|0x000000008d000000, 0x000000008d000000, 0x000000008d100000|  0%| F|  |TAMS 0x000000008d000000, 0x000000008d000000| Untracked 
|  81|0x000000008d100000, 0x000000008d100000, 0x000000008d200000|  0%| F|  |TAMS 0x000000008d100000, 0x000000008d100000| Untracked 
|  82|0x000000008d200000, 0x000000008d200000, 0x000000008d300000|  0%| F|  |TAMS 0x000000008d200000, 0x000000008d200000| Untracked 
|  83|0x000000008d300000, 0x000000008d300000, 0x000000008d400000|  0%| F|  |TAMS 0x000000008d300000, 0x000000008d300000| Untracked 
|  84|0x000000008d400000, 0x000000008d400000, 0x000000008d500000|  0%| F|  |TAMS 0x000000008d400000, 0x000000008d400000| Untracked 
|  85|0x000000008d500000, 0x000000008d500000, 0x000000008d600000|  0%| F|  |TAMS 0x000000008d500000, 0x000000008d500000| Untracked 
|  86|0x000000008d600000, 0x000000008d600000, 0x000000008d700000|  0%| F|  |TAMS 0x000000008d600000, 0x000000008d600000| Untracked 
|  87|0x000000008d700000, 0x000000008d700000, 0x000000008d800000|  0%| F|  |TAMS 0x000000008d700000, 0x000000008d700000| Untracked 
|  88|0x000000008d800000, 0x000000008d818680, 0x000000008d900000|  9%| S|CS|TAMS 0x000000008d800000, 0x000000008d800000| Complete 
|  89|0x000000008d900000, 0x000000008da00000, 0x000000008da00000|100%| S|CS|TAMS 0x000000008d900000, 0x000000008d900000| Complete 
|  90|0x000000008da00000, 0x000000008db00000, 0x000000008db00000|100%| S|CS|TAMS 0x000000008da00000, 0x000000008da00000| Complete 
|  91|0x000000008db00000, 0x000000008db00000, 0x000000008dc00000|  0%| F|  |TAMS 0x000000008db00000, 0x000000008db00000| Untracked 
|  92|0x000000008dc00000, 0x000000008dc00000, 0x000000008dd00000|  0%| F|  |TAMS 0x000000008dc00000, 0x000000008dc00000| Untracked 
|  93|0x000000008dd00000, 0x000000008dd00000, 0x000000008de00000|  0%| F|  |TAMS 0x000000008dd00000, 0x000000008dd00000| Untracked 
|  94|0x000000008de00000, 0x000000008de00000, 0x000000008df00000|  0%| F|  |TAMS 0x000000008de00000, 0x000000008de00000| Untracked 
|  95|0x000000008df00000, 0x000000008df00000, 0x000000008e000000|  0%| F|  |TAMS 0x000000008df00000, 0x000000008df00000| Untracked 
|  96|0x000000008e000000, 0x000000008e000000, 0x000000008e100000|  0%| F|  |TAMS 0x000000008e000000, 0x000000008e000000| Untracked 
|  97|0x000000008e100000, 0x000000008e100000, 0x000000008e200000|  0%| F|  |TAMS 0x000000008e100000, 0x000000008e100000| Untracked 
|  98|0x000000008e200000, 0x000000008e200000, 0x000000008e300000|  0%| F|  |TAMS 0x000000008e200000, 0x000000008e200000| Untracked 
|  99|0x000000008e300000, 0x000000008e300000, 0x000000008e400000|  0%| F|  |TAMS 0x000000008e300000, 0x000000008e300000| Untracked 
| 100|0x000000008e400000, 0x000000008e400000, 0x000000008e500000|  0%| F|  |TAMS 0x000000008e400000, 0x000000008e400000| Untracked 
| 101|0x000000008e500000, 0x000000008e500000, 0x000000008e600000|  0%| F|  |TAMS 0x000000008e500000, 0x000000008e500000| Untracked 
| 102|0x000000008e600000, 0x000000008e600000, 0x000000008e700000|  0%| F|  |TAMS 0x000000008e600000, 0x000000008e600000| Untracked 
| 103|0x000000008e700000, 0x000000008e700000, 0x000000008e800000|  0%| F|  |TAMS 0x000000008e700000, 0x000000008e700000| Untracked 
| 104|0x000000008e800000, 0x000000008e800000, 0x000000008e900000|  0%| F|  |TAMS 0x000000008e800000, 0x000000008e800000| Untracked 
| 105|0x000000008e900000, 0x000000008e900000, 0x000000008ea00000|  0%| F|  |TAMS 0x000000008e900000, 0x000000008e900000| Untracked 
| 106|0x000000008ea00000, 0x000000008ea00000, 0x000000008eb00000|  0%| F|  |TAMS 0x000000008ea00000, 0x000000008ea00000| Untracked 
| 107|0x000000008eb00000, 0x000000008eb00000, 0x000000008ec00000|  0%| F|  |TAMS 0x000000008eb00000, 0x000000008eb00000| Untracked 
| 108|0x000000008ec00000, 0x000000008ed00000, 0x000000008ed00000|100%| E|  |TAMS 0x000000008ec00000, 0x000000008ec00000| Complete 
| 109|0x000000008ed00000, 0x000000008ee00000, 0x000000008ee00000|100%| E|CS|TAMS 0x000000008ed00000, 0x000000008ed00000| Complete 
| 110|0x000000008ee00000, 0x000000008ef00000, 0x000000008ef00000|100%| E|CS|TAMS 0x000000008ee00000, 0x000000008ee00000| Complete 
| 111|0x000000008ef00000, 0x000000008f000000, 0x000000008f000000|100%| E|CS|TAMS 0x000000008ef00000, 0x000000008ef00000| Complete 
| 112|0x000000008f000000, 0x000000008f100000, 0x000000008f100000|100%| E|CS|TAMS 0x000000008f000000, 0x000000008f000000| Complete 
| 113|0x000000008f100000, 0x000000008f200000, 0x000000008f200000|100%| E|CS|TAMS 0x000000008f100000, 0x000000008f100000| Complete 
| 114|0x000000008f200000, 0x000000008f300000, 0x000000008f300000|100%| E|CS|TAMS 0x000000008f200000, 0x000000008f200000| Complete 
| 115|0x000000008f300000, 0x000000008f400000, 0x000000008f400000|100%| E|CS|TAMS 0x000000008f300000, 0x000000008f300000| Complete 
| 116|0x000000008f400000, 0x000000008f500000, 0x000000008f500000|100%| E|CS|TAMS 0x000000008f400000, 0x000000008f400000| Complete 
| 117|0x000000008f500000, 0x000000008f600000, 0x000000008f600000|100%| E|CS|TAMS 0x000000008f500000, 0x000000008f500000| Complete 
| 118|0x000000008f600000, 0x000000008f700000, 0x000000008f700000|100%| E|CS|TAMS 0x000000008f600000, 0x000000008f600000| Complete 
| 119|0x000000008f700000, 0x000000008f800000, 0x000000008f800000|100%| E|CS|TAMS 0x000000008f700000, 0x000000008f700000| Complete 

Card table byte_map: [0x000000001a270000,0x000000001a630000] _byte_map_base: 0x0000000019e30000

Marking Bits (Prev, Next): (CMBitMap*) 0x000000001e60ea10, (CMBitMap*) 0x000000001e60ea50
 Prev Bits: [0x000000001a9f0000, 0x000000001c7f0000)
 Next Bits: [0x000000001c7f0000, 0x000000001e5f0000)

Polling page: 0x00000000001c0000

Metaspace:

Usage:
  Non-class:     13.76 MB used.
      Class:      1.84 MB used.
       Both:     15.60 MB used.

Virtual space:
  Non-class space:       64.00 MB reserved,      13.88 MB ( 22%) committed,  1 nodes.
      Class space:        1.00 GB reserved,       1.94 MB ( <1%) committed,  1 nodes.
             Both:        1.06 GB reserved,      15.81 MB (  1%) committed. 

Chunk freelists:
   Non-Class:  1.72 MB
       Class:  1.97 MB
        Both:  3.69 MB

MaxMetaspaceSize: unlimited
CompressedClassSpaceSize: 1.00 GB
Initial GC threshold: 21.00 MB
Current GC threshold: 21.00 MB
CDS: on
MetaspaceReclaimPolicy: balanced
 - commit_granule_bytes: 65536.
 - commit_granule_words: 8192.
 - virtual_space_node_default_size: 8388608.
 - enlarge_chunks_in_place: 1.
 - new_chunks_are_fully_committed: 0.
 - uncommit_free_chunks: 1.
 - use_allocation_guard: 0.


Internal statistics:

num_allocs_failed_limit: 0.
num_arena_births: 218.
num_arena_deaths: 0.
num_vsnodes_births: 2.
num_vsnodes_deaths: 0.
num_space_committed: 253.
num_space_uncommitted: 0.
num_chunks_returned_to_freelist: 0.
num_chunks_taken_from_freelist: 743.
num_chunk_merges: 0.
num_chunk_splits: 506.
num_chunks_enlarged: 403.
num_inconsistent_stats: 0.

CodeHeap 'non-profiled nmethods': size=120000Kb used=748Kb max_used=748Kb free=119251Kb
 bounds [0x0000000012230000, 0x00000000124a0000, 0x0000000019760000]
CodeHeap 'profiled nmethods': size=120000Kb used=3962Kb max_used=3962Kb free=116037Kb
 bounds [0x000000000a760000, 0x000000000ab40000, 0x0000000011c90000]
CodeHeap 'non-nmethods': size=5760Kb used=1276Kb max_used=1305Kb free=4484Kb
 bounds [0x0000000011c90000, 0x0000000011f00000, 0x0000000012230000]
 total_blobs=2575 nmethods=2089 adapters=397
 compilation: enabled
              stopped_count=0, restarted_count=0
 full_count=0

Compilation events (20 events):
Event: 4.984 Thread 0x0000000021765230 2065       4       java.util.HashSet::add (20 bytes)
Event: 4.984 Thread 0x00000000217a5ba0 2066       3       java.util.stream.StreamSupport::stream (19 bytes)
Event: 4.985 Thread 0x00000000217a5ba0 nmethod 2066 0x000000000ab35610 code [0x000000000ab35800, 0x000000000ab35c28]
Event: 4.985 Thread 0x00000000217a5ba0 2067       3       java.util.stream.ReferencePipeline$Head::<init> (8 bytes)
Event: 4.985 Thread 0x00000000217a5ba0 nmethod 2067 0x000000000ab35e10 code [0x000000000ab35fc0, 0x000000000ab36148]
Event: 4.985 Thread 0x00000000217a5ba0 2068       3       java.util.stream.ReferencePipeline::<init> (8 bytes)
Event: 4.985 Thread 0x00000000217a5ba0 nmethod 2068 0x000000000ab36210 code [0x000000000ab363c0, 0x000000000ab36508]
Event: 5.002 Thread 0x00000000217a5ba0 2069       3       java.util.concurrent.ConcurrentHashMap$Traverser::<init> (36 bytes)
Event: 5.002 Thread 0x00000000217a5ba0 nmethod 2069 0x000000000ab36590 code [0x000000000ab36740, 0x000000000ab36938]
Event: 5.002 Thread 0x00000000217a5ba0 2070       3       java.util.concurrent.ConcurrentHashMap$BaseIterator::<init> (21 bytes)
Event: 5.003 Thread 0x00000000217a5ba0 nmethod 2070 0x000000000ab36a10 code [0x000000000ab36bc0, 0x000000000ab36d98]
Event: 5.003 Thread 0x00000000217a5ba0 2071       3       org.springframework.core.annotation.MergedAnnotationsCollection$AnnotationsSpliterator::getMapping (28 bytes)
Event: 5.003 Thread 0x00000000217a5ba0 nmethod 2071 0x000000000ab36e90 code [0x000000000ab37080, 0x000000000ab37598]
Event: 5.003 Thread 0x00000000217a5ba0 2073       1       org.springframework.core.annotation.MissingMergedAnnotation::isPresent (2 bytes)
Event: 5.003 Thread 0x00000000217a5ba0 nmethod 2073 0x00000000122ea190 code [0x00000000122ea320, 0x00000000122ea3f8]
Event: 5.003 Thread 0x00000000217a5ba0 2074       3       java.lang.invoke.LambdaForm$MH/0x0000000801015000::invoke (27 bytes)
Event: 5.004 Thread 0x00000000217a5ba0 nmethod 2074 0x000000000ab37790 code [0x000000000ab37960, 0x000000000ab37dd8]
Event: 5.004 Thread 0x00000000217a5ba0 2075       1       org.springframework.core.type.classreading.SimpleAnnotationMetadata::getClassName (5 bytes)
Event: 5.004 Thread 0x00000000217a5ba0 nmethod 2075 0x00000000122ea490 code [0x00000000122ea620, 0x00000000122ea6d8]
Event: 5.004 Thread 0x00000000217a5ba0 2076       3       java.util.AbstractCollection::isEmpty (13 bytes)

GC Heap History (4 events):
Event: 3.146 GC heap before
{Heap before GC invocations=0 (full 0):
 garbage-first heap   total 122880K, used 21504K [0x0000000088000000, 0x0000000100000000)
  region size 1024K, 21 young (21504K), 0 survivors (0K)
 Metaspace       used 6734K, committed 6912K, reserved 1114112K
  class space    used 757K, committed 832K, reserved 1048576K
}
Event: 3.157 GC heap after
{Heap after GC invocations=1 (full 0):
 garbage-first heap   total 122880K, used 4736K [0x0000000088000000, 0x0000000100000000)
  region size 1024K, 3 young (3072K), 3 survivors (3072K)
 Metaspace       used 6734K, committed 6912K, reserved 1114112K
  class space    used 757K, committed 832K, reserved 1048576K
}
Event: 3.948 GC heap before
{Heap before GC invocations=1 (full 0):
 garbage-first heap   total 122880K, used 30336K [0x0000000088000000, 0x0000000100000000)
  region size 1024K, 29 young (29696K), 3 survivors (3072K)
 Metaspace       used 13769K, committed 14016K, reserved 1114112K
  class space    used 1590K, committed 1728K, reserved 1048576K
}
Event: 3.956 GC heap after
{Heap after GC invocations=2 (full 0):
 garbage-first heap   total 122880K, used 6946K [0x0000000088000000, 0x0000000100000000)
  region size 1024K, 3 young (3072K), 3 survivors (3072K)
 Metaspace       used 13769K, committed 14016K, reserved 1114112K
  class space    used 1590K, committed 1728K, reserved 1048576K
}

Dll operation events (10 events):
Event: 0.032 Loaded shared library C:\Users\Subha\.jdks\openjdk-19\bin\java.dll
Event: 0.043 Loaded shared library C:\Users\Subha\.jdks\openjdk-19\bin\jsvml.dll
Event: 0.174 Loaded shared library C:\Users\Subha\.jdks\openjdk-19\bin\zip.dll
Event: 0.203 Loaded shared library C:\Users\Subha\.jdks\openjdk-19\bin\instrument.dll
Event: 0.209 Loaded shared library C:\Users\Subha\.jdks\openjdk-19\bin\net.dll
Event: 0.210 Loaded shared library C:\Users\Subha\.jdks\openjdk-19\bin\nio.dll
Event: 0.234 Loaded shared library C:\Users\Subha\.jdks\openjdk-19\bin\zip.dll
Event: 1.378 Loaded shared library C:\Users\Subha\.jdks\openjdk-19\bin\jimage.dll
Event: 1.832 Loaded shared library C:\Program Files\JetBrains\IntelliJ IDEA Community Edition 2022.2\bin\breakgen64.dll
Event: 1.913 Loaded shared library C:\Users\Subha\.jdks\openjdk-19\bin\extnet.dll

Deoptimization events (20 events):
Event: 4.231 Thread 0x000000000027b840 Uncommon trap: trap_request=0xffffffc6 fr.pc=0x00000000122cf9ac relative=0x000000000000088c
Event: 4.231 Thread 0x000000000027b840 Uncommon trap: reason=bimorphic_or_optimized_type_check action=maybe_recompile pc=0x00000000122cf9ac method=java.util.HashMap.putVal(ILjava/lang/Object;Ljava/lang/Object;ZZ)Ljava/lang/Object; @ 91 c2
Event: 4.231 Thread 0x000000000027b840 DEOPT PACKING pc=0x00000000122cf9ac sp=0x00000000020ded20
Event: 4.231 Thread 0x000000000027b840 DEOPT UNPACKING pc=0x0000000011cf6da3 sp=0x00000000020dec30 mode 2
Event: 4.231 Thread 0x000000000027b840 Uncommon trap: trap_request=0xffffffc6 fr.pc=0x00000000122cf9ac relative=0x000000000000088c
Event: 4.231 Thread 0x000000000027b840 Uncommon trap: reason=bimorphic_or_optimized_type_check action=maybe_recompile pc=0x00000000122cf9ac method=java.util.HashMap.putVal(ILjava/lang/Object;Ljava/lang/Object;ZZ)Ljava/lang/Object; @ 91 c2
Event: 4.231 Thread 0x000000000027b840 DEOPT PACKING pc=0x00000000122cf9ac sp=0x00000000020dedb0
Event: 4.231 Thread 0x000000000027b840 DEOPT UNPACKING pc=0x0000000011cf6da3 sp=0x00000000020decc0 mode 2
Event: 4.318 Thread 0x000000000027b840 DEOPT PACKING pc=0x000000000a87b7de sp=0x00000000020dea50
Event: 4.318 Thread 0x000000000027b840 DEOPT UNPACKING pc=0x0000000011cf7543 sp=0x00000000020ddf60 mode 0
Event: 4.331 Thread 0x000000000027b840 DEOPT PACKING pc=0x000000000a8f8f51 sp=0x00000000020de9f0
Event: 4.331 Thread 0x000000000027b840 DEOPT UNPACKING pc=0x0000000011cf7543 sp=0x00000000020ddee0 mode 0
Event: 4.332 Thread 0x000000000027b840 DEOPT PACKING pc=0x000000000a8f8f51 sp=0x00000000020de9f0
Event: 4.332 Thread 0x000000000027b840 DEOPT UNPACKING pc=0x0000000011cf7543 sp=0x00000000020ddee0 mode 0
Event: 4.332 Thread 0x000000000027b840 DEOPT PACKING pc=0x000000000a8f8f51 sp=0x00000000020de9f0
Event: 4.332 Thread 0x000000000027b840 DEOPT UNPACKING pc=0x0000000011cf7543 sp=0x00000000020ddee0 mode 0
Event: 5.003 Thread 0x000000000027b840 Uncommon trap: trap_request=0xffffffde fr.pc=0x00000000122cf99c relative=0x000000000000087c
Event: 5.003 Thread 0x000000000027b840 Uncommon trap: reason=class_check action=maybe_recompile pc=0x00000000122cf99c method=java.util.HashMap.putVal(ILjava/lang/Object;Ljava/lang/Object;ZZ)Ljava/lang/Object; @ 203 c2
Event: 5.003 Thread 0x000000000027b840 DEOPT PACKING pc=0x00000000122cf99c sp=0x00000000020dea30
Event: 5.003 Thread 0x000000000027b840 DEOPT UNPACKING pc=0x0000000011cf6da3 sp=0x00000000020de940 mode 2

Classes loaded (20 events):
Event: 4.017 Loading class java/util/StringTokenizer
Event: 4.017 Loading class java/util/StringTokenizer done
Event: 4.026 Loading class java/util/regex/Pattern$LazyLoop
Event: 4.026 Loading class java/util/regex/Pattern$Loop
Event: 4.026 Loading class java/util/regex/Pattern$Loop done
Event: 4.026 Loading class java/util/regex/Pattern$LazyLoop done
Event: 4.026 Loading class java/util/regex/Pattern$Prolog
Event: 4.026 Loading class java/util/regex/Pattern$Prolog done
Event: 4.032 Loading class java/util/regex/Pattern$BnM
Event: 4.032 Loading class java/util/regex/Pattern$BnM done
Event: 4.032 Loading class java/util/regex/Pattern$Pos
Event: 4.032 Loading class java/util/regex/Pattern$Pos done
Event: 4.036 Loading class java/lang/AssertionError
Event: 4.036 Loading class java/lang/AssertionError done
Event: 4.346 Loading class java/lang/Thread$ThreadNumbering
Event: 4.346 Loading class java/lang/Thread$ThreadNumbering done
Event: 4.403 Loading class javax/naming/ldap/LdapContext
Event: 4.404 Loading class javax/naming/directory/DirContext
Event: 4.404 Loading class javax/naming/directory/DirContext done
Event: 4.404 Loading class javax/naming/ldap/LdapContext done

Classes unloaded (0 events):
No events

Classes redefined (0 events):
No events

Internal exceptions (20 events):
Event: 3.320 Thread 0x000000000027b840 Exception <a 'java/lang/NoSuchMethodError'{0x000000008f4dd1a8}: 'void java.lang.invoke.DirectMethodHandle$Holder.invokeStaticInit(java.lang.Object, java.lang.Object, java.lang.Object)'> (0x000000008f4dd1a8) 
thrown [s\open\src\hotspot\share\interpreter\linkResolver.cpp, line 774]
Event: 3.336 Thread 0x000000000027b840 Exception <a 'java/lang/NoSuchMethodError'{0x000000008f4ee108}: 'java.lang.Object java.lang.invoke.DirectMethodHandle$Holder.invokeStatic(java.lang.Object, long, java.lang.Object)'> (0x000000008f4ee108) 
thrown [s\open\src\hotspot\share\interpreter\linkResolver.cpp, line 774]
Event: 3.337 Thread 0x000000000027b840 Exception <a 'java/lang/NoSuchMethodError'{0x000000008f4f1a08}: 'java.lang.Object java.lang.invoke.DirectMethodHandle$Holder.invokeStaticInit(java.lang.Object, long, java.lang.Object)'> (0x000000008f4f1a08) 
thrown [s\open\src\hotspot\share\interpreter\linkResolver.cpp, line 774]
Event: 3.337 Thread 0x000000000027b840 Exception <a 'java/lang/NoSuchMethodError'{0x000000008f4f7a38}: 'java.lang.Object java.lang.invoke.DirectMethodHandle$Holder.newInvokeSpecial(java.lang.Object, long)'> (0x000000008f4f7a38) 
thrown [s\open\src\hotspot\share\interpreter\linkResolver.cpp, line 774]
Event: 3.354 Thread 0x000000000027b840 Exception <a 'java/lang/NoSuchMethodError'{0x000000008f3368c0}: 'void java.lang.invoke.DirectMethodHandle$Holder.invokeVirtual(java.lang.Object, java.lang.Object, java.lang.Object, java.lang.Object)'> (0x000000008f3368c0) 
thrown [s\open\src\hotspot\share\interpreter\linkResolver.cpp, line 774]
Event: 3.444 Thread 0x000000000027b840 Exception <a 'java/lang/NoSuchMethodError'{0x000000008f259438}: 'void java.lang.invoke.DirectMethodHandle$Holder.invokeSpecial(java.lang.Object, java.lang.Object, java.lang.Object)'> (0x000000008f259438) 
thrown [s\open\src\hotspot\share\interpreter\linkResolver.cpp, line 774]
Event: 3.445 Thread 0x000000000027b840 Exception <a 'java/lang/NoSuchMethodError'{0x000000008f25f9e0}: 'void java.lang.invoke.DirectMethodHandle$Holder.invokeSpecial(java.lang.Object, java.lang.Object, java.lang.Object, java.lang.Object, java.lang.Object)'> (0x000000008f25f9e0) 
thrown [s\open\src\hotspot\share\interpreter\linkResolver.cpp, line 774]
Event: 3.465 Thread 0x000000000027b840 Exception <a 'java/lang/IncompatibleClassChangeError'{0x000000008f28ca70}: Found class java.lang.Object, but interface was expected> (0x000000008f28ca70) 
thrown [s\open\src\hotspot\share\interpreter\linkResolver.cpp, line 841]
Event: 3.468 Thread 0x000000001e6e6610 Exception <a 'java/lang/NoClassDefFoundError'{0x000000008f2bf708}: jakarta/validation/Validation> (0x000000008f2bf708) 
thrown [s\open\src\hotspot\share\classfile\systemDictionary.cpp, line 244]
Event: 3.724 Thread 0x000000000027b840 Exception <a 'java/lang/NoSuchMethodError'{0x000000008e818cb8}: 'int java.lang.invoke.Invokers$Holder.invokeExact_MT(java.lang.Object, java.lang.Object)'> (0x000000008e818cb8) 
thrown [s\open\src\hotspot\share\interpreter\linkResolver.cpp, line 774]
Event: 4.012 Thread 0x000000000027b840 Exception <a 'java/lang/NoSuchMethodError'{0x000000008f6ae1d8}: 'int java.lang.invoke.DirectMethodHandle$Holder.invokeSpecial(java.lang.Object, java.lang.Object, java.lang.Object, java.lang.Object, java.lang.Object)'> (0x000000008f6ae1d8) 
thrown [s\open\src\hotspot\share\interpreter\linkResolver.cpp, line 774]
Event: 4.015 Thread 0x000000000027b840 Exception <a 'java/lang/NoSuchMethodError'{0x000000008f6b70d8}: 'void java.lang.invoke.DirectMethodHandle$Holder.invokeVirtual(java.lang.Object, java.lang.Object)'> (0x000000008f6b70d8) 
thrown [s\open\src\hotspot\share\interpreter\linkResolver.cpp, line 774]
Event: 4.043 Thread 0x000000001e6e6610 Exception <a 'java/lang/NoSuchMethodError'{0x000000008f4eebd8}: 'long java.lang.invoke.DirectMethodHandle$Holder.invokeSpecial(java.lang.Object, java.lang.Object)'> (0x000000008f4eebd8) 
thrown [s\open\src\hotspot\share\interpreter\linkResolver.cpp, line 774]
Event: 4.045 Thread 0x000000001e6e6610 Exception <a 'java/lang/NoSuchMethodError'{0x000000008f4f9fb0}: 'long java.lang.invoke.DirectMethodHandle$Holder.invokeStatic(java.lang.Object, java.lang.Object)'> (0x000000008f4f9fb0) 
thrown [s\open\src\hotspot\share\interpreter\linkResolver.cpp, line 774]
Event: 4.046 Thread 0x000000001e6e6610 Exception <a 'java/lang/NoSuchMethodError'{0x000000008f4fd5b8}: 'long java.lang.invoke.DirectMethodHandle$Holder.invokeStaticInit(java.lang.Object, java.lang.Object)'> (0x000000008f4fd5b8) 
thrown [s\open\src\hotspot\share\interpreter\linkResolver.cpp, line 774]
Event: 4.048 Thread 0x000000001e6e6610 Exception <a 'java/lang/NoSuchMethodError'{0x000000008f30bac0}: 'long java.lang.invoke.DirectMethodHandle$Holder.invokeInterface(java.lang.Object, java.lang.Object)'> (0x000000008f30bac0) 
thrown [s\open\src\hotspot\share\interpreter\linkResolver.cpp, line 774]
Event: 4.048 Thread 0x000000001e6e6610 Exception <a 'java/lang/IncompatibleClassChangeError'{0x000000008f30f058}: Found class java.lang.Object, but interface was expected> (0x000000008f30f058) 
thrown [s\open\src\hotspot\share\interpreter\linkResolver.cpp, line 841]
Event: 4.061 Thread 0x000000001e6e6610 Exception <a 'java/lang/NoSuchMethodError'{0x000000008f3de538}: 'java.lang.Object java.lang.invoke.DirectMethodHandle$Holder.invokeVirtual(java.lang.Object, java.lang.Object, java.lang.Object, java.lang.Object)'> (0x000000008f3de538) 
thrown [s\open\src\hotspot\share\interpreter\linkResolver.cpp, line 774]
Event: 4.899 Thread 0x000000000027b840 Exception <a 'java/lang/IncompatibleClassChangeError'{0x000000008eebbcd0}: Found class java.lang.Object, but interface was expected> (0x000000008eebbcd0) 
thrown [s\open\src\hotspot\share\interpreter\linkResolver.cpp, line 841]
Event: 4.973 Thread 0x000000000027b840 Exception <a 'java/lang/NoSuchMethodError'{0x000000008ede08e0}: 'void java.lang.invoke.DirectMethodHandle$Holder.invokeInterface(java.lang.Object, java.lang.Object, java.lang.Object, java.lang.Object)'> (0x000000008ede08e0) 
thrown [s\open\src\hotspot\share\interpreter\linkResolver.cpp, line 774]

VM Operations (20 events):
Event: 3.158 Executing VM operation: HandshakeAllThreads
Event: 3.158 Executing VM operation: HandshakeAllThreads done
Event: 3.221 Executing VM operation: HandshakeAllThreads
Event: 3.221 Executing VM operation: HandshakeAllThreads done
Event: 3.431 Executing VM operation: HandshakeAllThreads
Event: 3.431 Executing VM operation: HandshakeAllThreads done
Event: 3.441 Executing VM operation: HandshakeAllThreads
Event: 3.441 Executing VM operation: HandshakeAllThreads done
Event: 3.441 Executing VM operation: HandshakeAllThreads
Event: 3.441 Executing VM operation: HandshakeAllThreads done
Event: 3.748 Executing VM operation: HandshakeAllThreads
Event: 3.748 Executing VM operation: HandshakeAllThreads done
Event: 3.804 Executing VM operation: ICBufferFull
Event: 3.805 Executing VM operation: ICBufferFull done
Event: 3.948 Executing VM operation: G1CollectForAllocation
Event: 3.956 Executing VM operation: G1CollectForAllocation done
Event: 3.979 Executing VM operation: HandshakeAllThreads
Event: 3.979 Executing VM operation: HandshakeAllThreads done
Event: 4.978 Executing VM operation: Cleanup
Event: 4.978 Executing VM operation: Cleanup done

Events (20 events):
Event: 0.056 Thread 0x000000001e6e1660 Thread added: 0x000000001e6e1660
Event: 0.056 Thread 0x000000001e6e2280 Thread added: 0x000000001e6e2280
Event: 0.057 Thread 0x000000001e6e3b90 Thread added: 0x000000001e6e3b90
Event: 0.057 Thread 0x000000001e6e40e0 Thread added: 0x000000001e6e40e0
Event: 0.057 Thread 0x000000001e6e4630 Thread added: 0x000000001e6e4630
Event: 0.058 Thread 0x000000001e6e4b80 Thread added: 0x000000001e6e4b80
Event: 0.058 Thread 0x0000000021765230 Thread added: 0x0000000021765230
Event: 0.059 Thread 0x00000000217a5ba0 Thread added: 0x00000000217a5ba0
Event: 0.061 Thread 0x000000001e6e50d0 Thread added: 0x000000001e6e50d0
Event: 0.146 Thread 0x000000001e6e5620 Thread added: 0x000000001e6e5620
Event: 1.574 Thread 0x00000000269708a0 Thread added: 0x00000000269708a0
Event: 1.706 Thread 0x00000000269708a0 Thread exited: 0x00000000269708a0
Event: 1.833 Thread 0x000000001e6e5b70 Thread added: 0x000000001e6e5b70
Event: 1.833 Thread 0x000000001e6e60c0 Thread added: 0x000000001e6e60c0
Event: 2.336 Thread 0x00000000271edd00 Thread added: 0x00000000271edd00
Event: 3.456 Thread 0x000000001e6e6610 Thread added: 0x000000001e6e6610
Event: 4.063 Thread 0x000000001e6e6610 Thread exited: 0x000000001e6e6610
Event: 4.346 Thread 0x000000001e6e6610 Thread added: 0x000000001e6e6610
Event: 4.412 Thread 0x000000001e6e6610 Thread exited: 0x000000001e6e6610
Event: 4.863 Thread 0x00000000271edd00 Thread exited: 0x00000000271edd00


Dynamic libraries:
0x000000013fb30000 - 0x000000013fb3e000 	C:\Users\Subha\.jdks\openjdk-19\bin\java.exe
0x00000000774a0000 - 0x0000000077649000 	C:\Windows\SYSTEM32\ntdll.dll
0x0000000077380000 - 0x000000007749f000 	C:\Windows\system32\kernel32.dll
0x000007fefd2c0000 - 0x000007fefd32c000 	C:\Windows\system32\KERNELBASE.dll
0x000007fef3e20000 - 0x000007fef3e37000 	C:\Users\Subha\.jdks\openjdk-19\bin\jli.dll
0x000007fefb760000 - 0x000007fefb954000 	C:\Windows\WinSxS\amd64_microsoft.windows.common-controls_6595b64144ccf1df_6.0.7601.18837_none_fa3b1e3d17594757\COMCTL32.dll
0x000007feff500000 - 0x000007feff59f000 	C:\Windows\system32\msvcrt.dll
0x000007fefe410000 - 0x000007fefe477000 	C:\Windows\system32\GDI32.dll
0x0000000077280000 - 0x000000007737a000 	C:\Windows\system32\USER32.dll
0x000007fefd670000 - 0x000007fefd67e000 	C:\Windows\system32\LPK.dll
0x000007feff110000 - 0x000007feff1d9000 	C:\Windows\system32\USP10.dll
0x000007feff090000 - 0x000007feff101000 	C:\Windows\system32\SHLWAPI.dll
0x000007fef3e40000 - 0x000007fef3e5b000 	C:\Users\Subha\.jdks\openjdk-19\bin\VCRUNTIME140.dll
0x000007fef3e00000 - 0x000007fef3e04000 	C:\Users\Subha\.jdks\openjdk-19\bin\api-ms-win-crt-runtime-l1-1-0.dll
0x000007fed0920000 - 0x000007fed0a20000 	C:\Users\Subha\.jdks\openjdk-19\bin\ucrtbase.DLL
0x000007fef3e10000 - 0x000007fef3e13000 	C:\Users\Subha\.jdks\openjdk-19\bin\api-ms-win-core-localization-l1-2-0.dll
0x000007fee16f0000 - 0x000007fee16f3000 	C:\Users\Subha\.jdks\openjdk-19\bin\api-ms-win-core-processthreads-l1-1-1.dll
0x000007fee1700000 - 0x000007fee1703000 	C:\Users\Subha\.jdks\openjdk-19\bin\api-ms-win-core-file-l1-2-0.dll
0x000007fee0eb0000 - 0x000007fee0eb3000 	C:\Users\Subha\.jdks\openjdk-19\bin\api-ms-win-core-timezone-l1-1-0.dll
0x000007fee0ec0000 - 0x000007fee0ec3000 	C:\Users\Subha\.jdks\openjdk-19\bin\api-ms-win-core-file-l2-1-0.dll
0x000007fee0e90000 - 0x000007fee0e93000 	C:\Users\Subha\.jdks\openjdk-19\bin\api-ms-win-core-synch-l1-2-0.dll
0x000007fee0ea0000 - 0x000007fee0ea3000 	C:\Users\Subha\.jdks\openjdk-19\bin\api-ms-win-crt-heap-l1-1-0.dll
0x000007fed0b10000 - 0x000007fed0b14000 	C:\Users\Subha\.jdks\openjdk-19\bin\api-ms-win-crt-string-l1-1-0.dll
0x000007fee0570000 - 0x000007fee0574000 	C:\Users\Subha\.jdks\openjdk-19\bin\api-ms-win-crt-stdio-l1-1-0.dll
0x000007fed0b00000 - 0x000007fed0b04000 	C:\Users\Subha\.jdks\openjdk-19\bin\api-ms-win-crt-convert-l1-1-0.dll
0x000007fed0af0000 - 0x000007fed0af3000 	C:\Users\Subha\.jdks\openjdk-19\bin\api-ms-win-crt-environment-l1-1-0.dll
0x000007fed0ae0000 - 0x000007fed0ae3000 	C:\Users\Subha\.jdks\openjdk-19\bin\api-ms-win-crt-filesystem-l1-1-0.dll
0x000007fed0ad0000 - 0x000007fed0ad5000 	C:\Users\Subha\.jdks\openjdk-19\bin\api-ms-win-crt-math-l1-1-0.dll
0x000007fed0ac0000 - 0x000007fed0ac3000 	C:\Users\Subha\.jdks\openjdk-19\bin\api-ms-win-crt-locale-l1-1-0.dll
0x000007fefea50000 - 0x000007fefea7e000 	C:\Windows\system32\IMM32.DLL
0x000007fefed70000 - 0x000007fefee79000 	C:\Windows\system32\MSCTF.dll
0x000007fed0ab0000 - 0x000007fed0abc000 	C:\Users\Subha\.jdks\openjdk-19\bin\vcruntime140_1.dll
0x000007fed0a20000 - 0x000007fed0aae000 	C:\Users\Subha\.jdks\openjdk-19\bin\msvcp140.dll
0x000007fed0900000 - 0x000007fed0903000 	C:\Users\Subha\.jdks\openjdk-19\bin\api-ms-win-crt-time-l1-1-0.dll
0x000007fed0910000 - 0x000007fed0913000 	C:\Users\Subha\.jdks\openjdk-19\bin\api-ms-win-crt-utility-l1-1-0.dll
0x000007fecd640000 - 0x000007fece300000 	C:\Users\Subha\.jdks\openjdk-19\bin\server\jvm.dll
0x000007fefea80000 - 0x000007fefeb5b000 	C:\Windows\system32\ADVAPI32.dll
0x000007feff4e0000 - 0x000007feff4ff000 	C:\Windows\SYSTEM32\sechost.dll
0x000007fefee80000 - 0x000007fefefad000 	C:\Windows\system32\RPCRT4.dll
0x000007fef59a0000 - 0x000007fef59a9000 	C:\Windows\system32\WSOCK32.dll
0x000007fefea00000 - 0x000007fefea4d000 	C:\Windows\system32\WS2_32.dll
0x000007fefe480000 - 0x000007fefe488000 	C:\Windows\system32\NSI.dll
0x000007fefac50000 - 0x000007fefac8b000 	C:\Windows\system32\WINMM.dll
0x000007fefc550000 - 0x000007fefc55c000 	C:\Windows\system32\VERSION.dll
0x000007fed08e0000 - 0x000007fed08ea000 	C:\Users\Subha\.jdks\openjdk-19\bin\jimage.dll
0x000007fef85c0000 - 0x000007fef86e5000 	C:\Windows\system32\DBGHELP.DLL
0x000007fef9990000 - 0x000007fef999e000 	C:\Users\Subha\.jdks\openjdk-19\bin\instrument.dll
0x000007fed08b0000 - 0x000007fed08d6000 	C:\Users\Subha\.jdks\openjdk-19\bin\java.dll
0x000007fed0160000 - 0x000007fed0237000 	C:\Users\Subha\.jdks\openjdk-19\bin\jsvml.dll
0x000007fefd680000 - 0x000007fefe409000 	C:\Windows\system32\SHELL32.dll
0x000007feff5a0000 - 0x000007feff7a3000 	C:\Windows\system32\ole32.dll
0x000007fefd260000 - 0x000007fefd26f000 	C:\Windows\system32\profapi.dll
0x000007fed02c0000 - 0x000007fed02d8000 	C:\Users\Subha\.jdks\openjdk-19\bin\zip.dll
0x000007fed0300000 - 0x000007fed0313000 	C:\Users\Subha\.jdks\openjdk-19\bin\net.dll
0x000007fef8ac0000 - 0x000007fef8b31000 	C:\Windows\system32\WINHTTP.dll
0x000007fef8a50000 - 0x000007fef8ab4000 	C:\Windows\system32\webio.dll
0x000007fefca30000 - 0x000007fefca85000 	C:\Windows\system32\mswsock.dll
0x000007fefc270000 - 0x000007fefc277000 	C:\Windows\System32\wshtcpip.dll
0x000007fefca20000 - 0x000007fefca27000 	C:\Windows\System32\wship6.dll
0x000007fed02e0000 - 0x000007fed02f6000 	C:\Users\Subha\.jdks\openjdk-19\bin\nio.dll
0x000007fef4740000 - 0x000007fef475a000 	C:\Program Files\JetBrains\IntelliJ IDEA Community Edition 2022.2\bin\breakgen64.dll
0x000007fed08f0000 - 0x000007fed08f8000 	C:\Users\Subha\.jdks\openjdk-19\bin\extnet.dll

dbghelp: loaded successfully - version: 4.0.5 - missing functions: none
symbol engine: initialized successfully - sym options: 0x614 - pdb path: .;C:\Users\Subha\.jdks\openjdk-19\bin;C:\Windows\SYSTEM32;C:\Windows\WinSxS\amd64_microsoft.windows.common-controls_6595b64144ccf1df_6.0.7601.18837_none_fa3b1e3d17594757;C:\Users\Subha\.jdks\openjdk-19\bin\server;C:\Program Files\JetBrains\IntelliJ IDEA Community Edition 2022.2\bin

VM Arguments:
jvm_args: -javaagent:C:\Program Files\JetBrains\IntelliJ IDEA Community Edition 2022.2\lib\idea_rt.jar=50068:C:\Program Files\JetBrains\IntelliJ IDEA Community Edition 2022.2\bin -Dfile.encoding=UTF-8 
java_command: com.SpringDataJdbc.JdbcImplement.JdbcImplementApplication
java_class_path (initial): E:\JdbcImplement\target\classes;C:\Users\Subha\.m2\repository\org\springframework\boot\spring-boot-starter-jdbc\3.0.6\spring-boot-starter-jdbc-3.0.6.jar;C:\Users\Subha\.m2\repository\org\springframework\boot\spring-boot-starter\3.0.6\spring-boot-starter-3.0.6.jar;C:\Users\Subha\.m2\repository\org\springframework\boot\spring-boot\3.0.6\spring-boot-3.0.6.jar;C:\Users\Subha\.m2\repository\org\springframework\boot\spring-boot-autoconfigure\3.0.6\spring-boot-autoconfigure-3.0.6.jar;C:\Users\Subha\.m2\repository\org\springframework\boot\spring-boot-starter-logging\3.0.6\spring-boot-starter-logging-3.0.6.jar;C:\Users\Subha\.m2\repository\ch\qos\logback\logback-classic\1.4.7\logback-classic-1.4.7.jar;C:\Users\Subha\.m2\repository\ch\qos\logback\logback-core\1.4.7\logback-core-1.4.7.jar;C:\Users\Subha\.m2\repository\org\apache\logging\log4j\log4j-to-slf4j\2.19.0\log4j-to-slf4j-2.19.0.jar;C:\Users\Subha\.m2\repository\org\apache\logging\log4j\log4j-api\2.19.0\log4j-api-2.19.0.jar;C:\Users\Subha\.m2\repository\org\slf4j\jul-to-slf4j\2.0.7\jul-to-slf4j-2.0.7.jar;C:\Users\Subha\.m2\repository\jakarta\annotation\jakarta.annotation-api\2.1.1\jakarta.annotation-api-2.1.1.jar;C:\Users\Subha\.m2\repository\org\yaml\snakeyaml\1.33\snakeyaml-1.33.jar;C:\Users\Subha\.m2\repository\com\zaxxer\HikariCP\5.0.1\HikariCP-5.0.1.jar;C:\Users\Subha\.m2\repository\org\slf4j\slf4j-api\2.0.7\slf4j-api-2.0.7.jar;C:\Users\Subha\.m2\repository\org\springframework\spring-jdbc\6.0.8\spring-jdbc-6.0.8.jar;C:\Users\Subha\.m2\repository\org\springframework\spring-beans\6.0.8\spring-beans-6.0.8.jar;C:\Users\Subha\.m2\repository\org\springframework\spring-tx\6.0.8\spring-tx-6.0.8.jar;C:\Users\Subha\.m2\repository\org\springframework\boot\spring-boot-starter-web\3.0.6\spring-boot-starter-web-3.0.6.jar;C:\Users\Subha\.m2\repository\org\springframework\boot\spring-boot-starter-json\3.0.6\spring-boot-starter-json-3.0.6.jar;C:\Users\Subha\.m2\repository\com\fasterxml\jackson\core\jackson-databind\2.14.2\jackson-databind-2.14.2.jar;C:\Users\Subha\.m2\repository\com\fasterxml\jackson\core\jackson-annotations\2.14.2\jackson-annotations-2.14.2.jar;C:\Users\Subha\.m2\repository\com\fasterxml\jackson\core\jackson-core\2.14.2\jackson-core-2.14.2.jar;C:\Users\Subha\.m2\repository\com\fasterxml\jackson\datatype\jackson-datatype-jdk8\2.14.2\jackson-datatype-jdk8-2.14.2.jar;C:\Users\Subha\.m2\repository\com\fasterxml\jackson\datatype\jackson-datatype-jsr310\2.14.2\jackson-datatype-jsr310-2.14.2.jar;C:\Users\Subha\.m2\repository\com\fasterxml\jackson\module\jackson-module-parameter-names\2.14.2\jackson-module-parameter-names-2.14.2.jar;C:\Users\Subha\.m2\repository\org\springframework\boot\spring-boot-starter-tomcat\3.0.6\spring-boot-starter-tomcat-3.0.6.jar;C:\Users\Subha\.m2\repository\org\apache\tomcat\embed\tomcat-embed-core\10.1.8\tomcat-embed-core-10.1.8.jar;C:\Users\Subha\.m2\repository\org\apache\tomcat\embed\tomcat-embed-el\10.1.8\tomcat-embed-el-10.1.8.jar;C:\Users\Subha\.m2\repository\org\apache\tomcat\embed\tomcat-embed-websocket\10.1.8\tomcat-embed-websocket-10.1.8.jar;C:\Users\Subha\.m2\repository\org\springframework\spring-web\6.0.8\spring-web-6.0.8.jar;C:\Users\Subha\.m2\repository\io\micrometer\micrometer-observation\1.10.6\micrometer-observation-1.10.6.jar;C:\Users\Subha\.m2\repository\io\micrometer\micrometer-commons\1.10.6\micrometer-commons-1.10.6.jar;C:\Users\Subha\.m2\repository\org\springframework\spring-webmvc\6.0.8\spring-webmvc-6.0.8.jar;C:\Users\Subha\.m2\repository\org\springframework\spring-aop\6.0.8\spring-aop-6.0.8.jar;C:\Users\Subha\.m2\repository\org\springframework\spring-context\6.0.8\spring-context-6.0.8.jar;C:\Users\Subha\.m2\repository\org\springframework\spring-expression\6.0.8\spring-expression-6.0.8.jar;C:\Users\Subha\.m2\repository\org\postgresql\postgresql\42.5.4\postgresql-42.5.4.jar;C:\Users\Subha\.m2\repository\org\checkerframework\checker-qual\3.5.0\checker-qual-3.5.0.jar;C:\Users\Subha\.m2\repository\org\projectlombok\lombok\1.18.26\lombok-1.18.26.jar;C:\Users\Subha\.m2\repository\org\springframework\spring-core\6.0.8\spring-core-6.0.8.jar;C:\Users\Subha\.m2\repository\org\springframework\spring-jcl\6.0.8\spring-jcl-6.0.8.jar
Launcher Type: SUN_STANDARD

[Global flags]
     intx CICompilerCount                          = 3                                         {product} {ergonomic}
     uint ConcGCThreads                            = 2                                         {product} {ergonomic}
     uint G1ConcRefinementThreads                  = 6                                         {product} {ergonomic}
   size_t G1HeapRegionSize                         = 1048576                                   {product} {ergonomic}
    uintx GCDrainStackTargetSize                   = 64                                        {product} {ergonomic}
   size_t InitialHeapSize                          = 125829120                                 {product} {ergonomic}
   size_t MarkStackSize                            = 4194304                                   {product} {ergonomic}
   size_t MaxHeapSize                              = 2013265920                                {product} {ergonomic}
   size_t MaxNewSize                               = 1207959552                                {product} {ergonomic}
   size_t MinHeapDeltaBytes                        = 1048576                                   {product} {ergonomic}
   size_t MinHeapSize                              = 8388608                                   {product} {ergonomic}
    uintx NonNMethodCodeHeapSize                   = 5832780                                {pd product} {ergonomic}
    uintx NonProfiledCodeHeapSize                  = 122912730                              {pd product} {ergonomic}
    uintx ProfiledCodeHeapSize                     = 122912730                              {pd product} {ergonomic}
    uintx ReservedCodeCacheSize                    = 251658240                              {pd product} {ergonomic}
     bool SegmentedCodeCache                       = true                                      {product} {ergonomic}
   size_t SoftMaxHeapSize                          = 2013265920                             {manageable} {ergonomic}
     bool UseCompressedClassPointers               = true                           {product lp64_product} {ergonomic}
     bool UseCompressedOops                        = true                           {product lp64_product} {ergonomic}
     bool UseG1GC                                  = true                                      {product} {ergonomic}
     bool UseLargePagesIndividualAllocation        = false                                  {pd product} {ergonomic}

Logging:
Log output configuration:
 #0: stdout all=warning uptime,level,tags foldmultilines=false
 #1: stderr all=off uptime,level,tags foldmultilines=false

Environment Variables:
JAVA_HOME=C:\Program Files\Java\jdk1.8.0_60
PATH=C:\Program Files (x86)\Common Files\Oracle\Java\javapath;C:\ProgramData\Oracle\Java\javapath;C:\Windows\system32;C:\Windows;C:\Windows\System32\Wbem;C:\Windows\System32\WindowsPowerShell\v1.0\;C:\Program Files\Git\cmd;C:\Program Files\Java\jdk1.8.0_60\bin;D:\Installed\activator-dist-1.3.7;D:\Installed\apache-ant-1.9.7\bin;D:\Installed\Android Sdk\Sdk\tools;D:\Installed\Android Sdk\Sdk\platform-tools;D:\Installed\openssl-0.9.8r-x64_86-win64-rev2;D:\Installed\apache-maven-3.3.9\bin;C:\Program Files (x86)\Skype\Phone\;C:\Program Files (x86)\Bitvise SSH Client;C:\Program Files\PuTTY\;C:\Program Files\nodejs\;C:\Program Files\Microsoft VS Code\bin;C:\Ruby23-x64\bin;c:/libs/openssl-0.9.8k/openssl.cnf;C:\Program Files\Microsoft VS Code\bin;C:\Users\Subha\AppData\Roaming\npm;C:\Users\Subha\AppData\Local\Programs\Microsoft VS Code\bin;C:\Users\Subha\AppData\Local\GitHubDesktop\bin;C:\Program Files\JetBrains\IntelliJ IDEA Community Edition 2022.2\bin;
USERNAME=Subha
OS=Windows_NT
PROCESSOR_IDENTIFIER=AMD64 Family 21 Model 2 Stepping 0, AuthenticAMD
TMP=C:\Users\Subha\AppData\Local\Temp
TEMP=C:\Users\Subha\AppData\Local\Temp



---------------  S Y S T E M  ---------------

OS:
 Windows 7 , 64 bit Build 7601 (6.1.7601.18869)
OS uptime: 0 days 0:58 hours

CPU: total 6 (initial active 6) (6 cores per cpu, 1 threads per core) family 21 model 2 stepping 0 microcode 0x0, cx8, cmov, fxsr, mmx, 3dnowpref, sse, sse2, sse3, ssse3, sse4a, sse4.1, sse4.2, popcnt, lzcnt, tsc, tscinvbit, avx, aes, clmul, bmi1, fma, vzeroupper, clflush, rdtscp

Memory: 4k page, system-wide physical 7677M (963M free)
TotalPageFile size 14175M (AvailPageFile size 290M)
current process WorkingSet (physical memory assigned to process): 107M, peak: 107M
current process commit charge ("private bytes"): 240M, peak: 240M

vm_info: OpenJDK 64-Bit Server VM (19+36-2238) for windows-amd64 JRE (19+36-2238), built on 2022-08-12T20:29:01Z by "mach5one" with MS VC++ 17.1 (VS2022)

END.
